<?xml version="1.0" encoding="UTF-8"?>
<!-- Generated by org.testng.reporters.JUnitReportReporter -->
<testsuite skipped="0" hostname="CharlieulieiMac.home" name="com.perscholas.jenkins_hello.HelloJenkinsTest" tests="2" failures="0" timestamp="2020-04-30T13:20:47 CDT" time="0.010" errors="0">
  <testcase name="testHelloJenkinsAgain" time="0.001" classname="com.perscholas.jenkins_hello.HelloJenkinsTest"/>
  <system-out/>
  <testcase name="testHelloJenkins" time="0.009" classname="com.perscholas.jenkins_hello.HelloJenkinsTest"/>
  <system-out/>
</testsuite> <!-- com.perscholas.jenkins_hello.HelloJenkinsTest -->
