<?xml version="1.0" encoding="UTF-8"?>
<!-- Generated by org.testng.reporters.JUnitReportReporter -->
<testsuite hostname="CharlieulieiMac.home" failures="0" tests="2" name="com.perscholas.jenkins_hello.HelloJenkinsTest" time="0.006" errors="0" timestamp="2020-04-30T13:33:22 CDT" skipped="0">
  <testcase classname="com.perscholas.jenkins_hello.HelloJenkinsTest" name="testHelloJenkins" time="0.005"/>
  <system-out/>
  <testcase classname="com.perscholas.jenkins_hello.HelloJenkinsTest" name="testHelloJenkinsAgain" time="0.001"/>
  <system-out/>
</testsuite> <!-- com.perscholas.jenkins_hello.HelloJenkinsTest -->
